14:15:21 | INFO     | Загрузил 1
2023-12-11 14:15:21 |INFO     | app.script.start_withdraw:prepare_accounts:23 - Загрузил 1
14:15:22 | DEBUG    | [1039530599924642902918362349971110513367667795110184396434321641374999866666] Sending tx...
14:16:02 | INFO     | nhfypfrwbz jnghfdktyf
2023-12-11 14:16:02 |INFO     | app.models.account:do_withdraw:41 - nhfypfrwbz jnghfdktyf
14:16:02 | INFO     | Закончил работу
2023-12-11 14:16:02 |INFO     | app.script.start_withdraw:start:31 - Закончил работу
14:26:31 | INFO     | Загрузил 1
2023-12-11 14:26:31 |INFO     | app.script.start_withdraw:prepare_accounts:23 - Загрузил 1
14:26:31 | DEBUG    | [0x24c5a7cf35ff1195205dadc9c3620263eb13dd8eb09b3bdaf23e2b0acf76d2a] Sending tx...
14:27:31 | INFO     | Закончил работу
2023-12-11 14:27:31 |INFO     | app.script.start_withdraw:start:31 - Закончил работу
14:46:37 | INFO     | Загрузил 0
2023-12-11 14:46:37 |INFO     | app.script.start_withdraw:prepare_accounts:23 - Загрузил 0
14:46:37 | INFO     | Закончил работу
2023-12-11 14:46:37 |INFO     | app.script.start_withdraw:start:31 - Закончил работу
14:46:59 | INFO     | Загрузил 1
2023-12-11 14:46:59 |INFO     | app.script.start_withdraw:prepare_accounts:23 - Загрузил 1
14:46:59 | DEBUG    | [0x649eafe74cb74c21ed55a44e78e739e4c545c9c1cb20f37007a60b1c76dcacc] Sending tx...
14:47:31 | INFO     | nhfypfrwbz jnghfdktyf
2023-12-11 14:47:31 |INFO     | app.models.account:do_withdraw:41 - nhfypfrwbz jnghfdktyf
14:47:31 | INFO     | Закончил работу
2023-12-11 14:47:31 |INFO     | app.script.start_withdraw:start:31 - Закончил работу
15:14:24 | INFO     | Загрузил 1
2023-12-11 15:14:24 |INFO     | app.script.start_withdraw:prepare_accounts:23 - Загрузил 1
15:14:24 | DEBUG    | [0x24c5a7cf35ff1195205dadc9c3620263eb13dd8eb09b3bdaf23e2b0acf76d2a] Sending tx...
15:14:24 | ERROR    | Couldn't send tx: Error at path 'recipient': Shortstring cannot be longer than 31 characters, got: 66.
2023-12-11 15:14:24 |ERROR    | app.models.account:send_transaction:92 - Couldn't send tx: Error at path 'recipient': Shortstring cannot be longer than 31 characters, got: 66.
15:14:24 | INFO     | Закончил работу
2023-12-11 15:14:24 |INFO     | app.script.start_withdraw:start:31 - Закончил работу
15:23:12 | INFO     | Загрузил 1
2023-12-11 15:23:12 |INFO     | app.script.start_withdraw:prepare_accounts:23 - Загрузил 1
15:23:12 | DEBUG    | [0x649eafe74cb74c21ed55a44e78e739e4c545c9c1cb20f37007a60b1c76dcacc] Sending tx...
15:23:16 | DEBUG    | Ошибка транзакции Client failed with code 29: Transaction hash not found.
15:23:16 | DEBUG    | Ошибка транзакции Client failed with code 29: Transaction hash not found.
15:23:17 | DEBUG    | Ошибка транзакции Client failed with code 29: Transaction hash not found.
15:23:17 | DEBUG    | Ошибка транзакции Client failed with code 29: Transaction hash not found.
15:23:18 | DEBUG    | Ошибка транзакции Client failed with code 29: Transaction hash not found.
15:23:19 | DEBUG    | Ошибка транзакции Client failed with code 29: Transaction hash not found.
15:23:19 | DEBUG    | Ошибка транзакции Client failed with code 29: Transaction hash not found.
15:23:19 | DEBUG    | Ошибка транзакции Client failed with code 29: Transaction hash not found.
15:23:19 | DEBUG    | Ошибка транзакции Client failed with code 29: Transaction hash not found.
15:23:20 | DEBUG    | Ошибка транзакции Client failed with code 29: Transaction hash not found.
15:23:20 | DEBUG    | Ошибка транзакции Client failed with code 29: Transaction hash not found.
15:23:21 | DEBUG    | Ошибка транзакции Client failed with code 29: Transaction hash not found.
15:23:21 | DEBUG    | Ошибка транзакции Client failed with code 29: Transaction hash not found.
15:23:21 | DEBUG    | Ошибка транзакции Client failed with code 29: Transaction hash not found.
15:23:22 | DEBUG    | Ошибка транзакции Client failed with code 29: Transaction hash not found.
15:23:22 | DEBUG    | Ошибка транзакции Client failed with code 29: Transaction hash not found.
15:23:22 | DEBUG    | Ошибка транзакции Client failed with code 29: Transaction hash not found.
15:23:23 | DEBUG    | Ошибка транзакции Client failed with code 29: Transaction hash not found.
15:24:10 | INFO     | nhfypfrwbz jnghfdktyf
2023-12-11 15:24:10 |INFO     | app.models.account:do_withdraw:35 - nhfypfrwbz jnghfdktyf
15:24:10 | INFO     | Закончил работу
2023-12-11 15:24:10 |INFO     | app.script.start_withdraw:start:31 - Закончил работу
19:36:37 | INFO     | Загрузил 0
2023-12-11 19:36:37 |INFO     | app.script.start_withdraw:prepare_accounts:23 - Загрузил 0
19:36:37 | INFO     | Закончил работу
2023-12-11 19:36:37 |INFO     | app.script.start_withdraw:start:31 - Закончил работу
19:37:29 | INFO     | Загрузил 1
2023-12-11 19:37:29 |INFO     | app.script.start_withdraw:prepare_accounts:23 - Загрузил 1
19:37:29 | CRITICAL | Unexpected error: 0x024c5a7cf35ff1195205dadc9c3620263eb13dd8eb09b3bdaf23e2b0acf76d2a:0x061967ca53682018e602926bbd0c2de587ba43737185799ff2f60a9f317f65f5 | object of type 'int' has no len(). Work is ended! 
2023-12-11 19:37:29 |CRITICAL | app.script.start_withdraw:_prepare_account:18 - Unexpected error: 0x024c5a7cf35ff1195205dadc9c3620263eb13dd8eb09b3bdaf23e2b0acf76d2a:0x061967ca53682018e602926bbd0c2de587ba43737185799ff2f60a9f317f65f5 | object of type 'int' has no len(). Work is ended! 
19:37:29 | INFO     | Закончил работу
2023-12-11 19:37:29 |INFO     | app.script.start_withdraw:start:31 - Закончил работу
19:38:57 | INFO     | Загрузил 1
2023-12-11 19:38:57 |INFO     | app.script.start_withdraw:prepare_accounts:23 - Загрузил 1
19:38:57 | CRITICAL | Unexpected error: 0x024c5a7cf35ff1195205dadc9c3620263eb13dd8eb09b3bdaf23e2b0acf76d2a:0x061967ca53682018e602926bbd0c2de587ba43737185799ff2f60a9f317f65f5 | 'Client' object has no attribute 'address_original'. Work is ended! 
2023-12-11 19:38:57 |CRITICAL | app.script.start_withdraw:_prepare_account:18 - Unexpected error: 0x024c5a7cf35ff1195205dadc9c3620263eb13dd8eb09b3bdaf23e2b0acf76d2a:0x061967ca53682018e602926bbd0c2de587ba43737185799ff2f60a9f317f65f5 | 'Client' object has no attribute 'address_original'. Work is ended! 
19:38:57 | INFO     | Закончил работу
2023-12-11 19:38:57 |INFO     | app.script.start_withdraw:start:31 - Закончил работу
19:40:58 | INFO     | Загрузил 1
2023-12-11 19:40:58 |INFO     | app.script.start_withdraw:prepare_accounts:23 - Загрузил 1
19:40:59 | INFO     | Закончил работу
2023-12-11 19:40:59 |INFO     | app.script.start_withdraw:start:31 - Закончил работу
20:09:43 | INFO     | Загрузил 1
2023-12-11 20:09:43 |INFO     | app.script.start_withdraw:prepare_accounts:23 - Загрузил 1
20:12:04 | INFO     | Загрузил 1
2023-12-11 20:12:04 |INFO     | app.script.start_withdraw:prepare_accounts:23 - Загрузил 1
20:12:04 | INFO     | Закончил работу
2023-12-11 20:12:04 |INFO     | app.script.start_withdraw:start:31 - Закончил работу
20:20:40 | INFO     | Загрузил 1
2023-12-11 20:20:40 |INFO     | app.script.start_withdraw:prepare_accounts:23 - Загрузил 1
20:20:40 | DEBUG    | [0x24c5a7cf35ff1195205dadc9c3620263eb13dd8eb09b3bdaf23e2b0acf76d2a] Sending tx...
20:20:43 | DEBUG    | Ошибка транзакции Client failed with code 29: Transaction hash not found.
20:20:43 | DEBUG    | Ошибка транзакции Client failed with code 29: Transaction hash not found.
20:20:44 | DEBUG    | Ошибка транзакции Client failed with code 29: Transaction hash not found.
20:20:44 | DEBUG    | Ошибка транзакции Client failed with code 29: Transaction hash not found.
20:20:44 | DEBUG    | Ошибка транзакции Client failed with code 29: Transaction hash not found.
20:20:44 | DEBUG    | Ошибка транзакции Client failed with code 29: Transaction hash not found.
20:20:45 | DEBUG    | Ошибка транзакции Client failed with code 29: Transaction hash not found.
20:20:45 | DEBUG    | Ошибка транзакции Client failed with code 29: Transaction hash not found.
20:20:45 | DEBUG    | Ошибка транзакции Client failed with code 29: Transaction hash not found.
20:20:46 | DEBUG    | Ошибка транзакции Client failed with code 29: Transaction hash not found.
20:20:46 | DEBUG    | Ошибка транзакции Client failed with code 29: Transaction hash not found.
20:20:46 | DEBUG    | Ошибка транзакции Client failed with code 29: Transaction hash not found.
20:20:46 | DEBUG    | Ошибка транзакции Client failed with code 29: Transaction hash not found.
20:20:47 | DEBUG    | Ошибка транзакции Client failed with code 29: Transaction hash not found.
20:20:47 | DEBUG    | Ошибка транзакции Client failed with code 29: Transaction hash not found.
20:20:47 | DEBUG    | Ошибка транзакции Client failed with code 29: Transaction hash not found.
20:20:47 | DEBUG    | Ошибка транзакции Client failed with code 29: Transaction hash not found.
20:20:48 | DEBUG    | Ошибка транзакции Client failed with code 29: Transaction hash not found.
20:20:48 | DEBUG    | Ошибка транзакции Client failed with code 29: Transaction hash not found.
20:20:48 | DEBUG    | Ошибка транзакции Client failed with code 29: Transaction hash not found.
20:20:48 | DEBUG    | Ошибка транзакции Client failed with code 29: Transaction hash not found.
20:20:49 | DEBUG    | Ошибка транзакции Client failed with code 29: Transaction hash not found.
20:20:49 | DEBUG    | Ошибка транзакции Client failed with code 29: Transaction hash not found.
20:20:49 | DEBUG    | Ошибка транзакции Client failed with code 29: Transaction hash not found.
20:20:50 | DEBUG    | Ошибка транзакции Client failed with code 29: Transaction hash not found.
20:20:50 | DEBUG    | Ошибка транзакции Client failed with code 29: Transaction hash not found.
20:20:50 | DEBUG    | Ошибка транзакции Client failed with code 29: Transaction hash not found.
20:20:50 | DEBUG    | Ошибка транзакции Client failed with code 29: Transaction hash not found.
20:20:51 | DEBUG    | Ошибка транзакции Client failed with code 29: Transaction hash not found.
20:20:51 | DEBUG    | Ошибка транзакции Client failed with code 29: Transaction hash not found.
20:20:51 | DEBUG    | Ошибка транзакции Client failed with code 29: Transaction hash not found.
20:20:51 | DEBUG    | Ошибка транзакции Client failed with code 29: Transaction hash not found.
20:21:23 | INFO     | Закончил работу
2023-12-11 20:21:23 |INFO     | app.script.start_withdraw:start:31 - Закончил работу
20:24:09 | INFO     | Загрузил 1
2023-12-11 20:24:09 |INFO     | app.script.start_withdraw:prepare_accounts:23 - Загрузил 1
20:24:09 | DEBUG    | [0x24c5a7cf35ff1195205dadc9c3620263eb13dd8eb09b3bdaf23e2b0acf76d2a] Sending tx...
20:24:11 | INFO     | Цена за транзакцию сейчас 106280033872776 Wei
2023-12-11 20:24:11 |INFO     | app.models.account:send_transaction:96 - Цена за транзакцию сейчас 106280033872776 Wei
20:24:13 | DEBUG    | Ошибка транзакции Client failed with code 29: Transaction hash not found.
20:24:13 | DEBUG    | Ошибка транзакции Client failed with code 29: Transaction hash not found.
20:24:13 | DEBUG    | Ошибка транзакции Client failed with code 29: Transaction hash not found.
20:24:14 | DEBUG    | Ошибка транзакции Client failed with code 29: Transaction hash not found.
20:24:14 | DEBUG    | Ошибка транзакции Client failed with code 29: Transaction hash not found.
20:24:14 | DEBUG    | Ошибка транзакции Client failed with code 29: Transaction hash not found.
20:24:14 | DEBUG    | Ошибка транзакции Client failed with code 29: Transaction hash not found.
20:24:15 | DEBUG    | Ошибка транзакции Client failed with code 29: Transaction hash not found.
20:24:15 | DEBUG    | Ошибка транзакции Client failed with code 29: Transaction hash not found.
20:24:15 | DEBUG    | Ошибка транзакции Client failed with code 29: Transaction hash not found.
20:24:16 | DEBUG    | Ошибка транзакции Client failed with code 29: Transaction hash not found.
20:24:16 | DEBUG    | Ошибка транзакции Client failed with code 29: Transaction hash not found.
20:24:16 | DEBUG    | Ошибка транзакции Client failed with code 29: Transaction hash not found.
20:24:16 | DEBUG    | Ошибка транзакции Client failed with code 29: Transaction hash not found.
20:24:17 | DEBUG    | Ошибка транзакции Client failed with code 29: Transaction hash not found.
20:24:17 | DEBUG    | Ошибка транзакции Client failed with code 29: Transaction hash not found.
20:24:17 | DEBUG    | Ошибка транзакции Client failed with code 29: Transaction hash not found.
20:24:18 | DEBUG    | Ошибка транзакции Client failed with code 29: Transaction hash not found.
20:24:18 | DEBUG    | Ошибка транзакции Client failed with code 29: Transaction hash not found.
20:24:18 | DEBUG    | Ошибка транзакции Client failed with code 29: Transaction hash not found.
20:24:18 | DEBUG    | Ошибка транзакции Client failed with code 29: Transaction hash not found.
20:24:19 | DEBUG    | Ошибка транзакции Client failed with code 29: Transaction hash not found.
20:24:19 | DEBUG    | Ошибка транзакции Client failed with code 29: Transaction hash not found.
20:24:19 | DEBUG    | Ошибка транзакции Client failed with code 29: Transaction hash not found.
20:24:20 | DEBUG    | Ошибка транзакции Client failed with code 29: Transaction hash not found.
20:24:20 | DEBUG    | Ошибка транзакции Client failed with code 29: Transaction hash not found.
20:24:20 | DEBUG    | Ошибка транзакции Client failed with code 29: Transaction hash not found.
20:24:20 | DEBUG    | Ошибка транзакции Client failed with code 29: Transaction hash not found.
20:24:21 | DEBUG    | Ошибка транзакции Client failed with code 29: Transaction hash not found.
20:24:21 | DEBUG    | Ошибка транзакции Client failed with code 29: Transaction hash not found.
20:24:21 | DEBUG    | Ошибка транзакции Client failed with code 29: Transaction hash not found.
20:24:21 | DEBUG    | Ошибка транзакции Client failed with code 29: Transaction hash not found.
20:24:22 | DEBUG    | Ошибка транзакции Client failed with code 29: Transaction hash not found.
20:24:22 | DEBUG    | Ошибка транзакции Client failed with code 29: Transaction hash not found.
20:24:22 | DEBUG    | Ошибка транзакции Client failed with code 29: Transaction hash not found.
20:24:22 | DEBUG    | Ошибка транзакции Client failed with code 29: Transaction hash not found.
20:24:23 | DEBUG    | Ошибка транзакции Client failed with code 29: Transaction hash not found.
20:24:23 | DEBUG    | Ошибка транзакции Client failed with code 29: Transaction hash not found.
20:24:24 | DEBUG    | Ошибка транзакции Client failed with code 29: Transaction hash not found.
20:24:24 | DEBUG    | Ошибка транзакции Client failed with code 29: Transaction hash not found.
20:24:24 | DEBUG    | Ошибка транзакции Client failed with code 29: Transaction hash not found.
20:24:24 | DEBUG    | Ошибка транзакции Client failed with code 29: Transaction hash not found.
20:24:25 | DEBUG    | Ошибка транзакции Client failed with code 29: Transaction hash not found.
20:24:25 | DEBUG    | Ошибка транзакции Client failed with code 29: Transaction hash not found.
20:24:25 | DEBUG    | Ошибка транзакции Client failed with code 29: Transaction hash not found.
20:24:25 | DEBUG    | Ошибка транзакции Client failed with code 29: Transaction hash not found.
20:24:26 | DEBUG    | Ошибка транзакции Client failed with code 29: Transaction hash not found.
20:24:26 | DEBUG    | Ошибка транзакции Client failed with code 29: Transaction hash not found.
20:24:26 | DEBUG    | Ошибка транзакции Client failed with code 29: Transaction hash not found.
20:24:26 | DEBUG    | Ошибка транзакции Client failed with code 29: Transaction hash not found.
20:24:27 | DEBUG    | Ошибка транзакции Client failed with code 29: Transaction hash not found.
20:24:27 | DEBUG    | Ошибка транзакции Client failed with code 29: Transaction hash not found.
20:24:27 | DEBUG    | Ошибка транзакции Client failed with code 29: Transaction hash not found.
20:24:28 | DEBUG    | Ошибка транзакции Client failed with code 29: Transaction hash not found.
20:24:28 | DEBUG    | Ошибка транзакции Client failed with code 29: Transaction hash not found.
20:24:28 | DEBUG    | Ошибка транзакции Client failed with code 29: Transaction hash not found.
20:24:28 | DEBUG    | Ошибка транзакции Client failed with code 29: Transaction hash not found.
20:24:29 | DEBUG    | Ошибка транзакции Client failed with code 29: Transaction hash not found.
20:24:29 | DEBUG    | Ошибка транзакции Client failed with code 29: Transaction hash not found.
20:24:29 | DEBUG    | Ошибка транзакции Client failed with code 29: Transaction hash not found.
20:24:29 | DEBUG    | Ошибка транзакции Client failed with code 29: Transaction hash not found.
20:24:30 | DEBUG    | Ошибка транзакции Client failed with code 29: Transaction hash not found.
20:24:30 | DEBUG    | Ошибка транзакции Client failed with code 29: Transaction hash not found.
20:24:30 | DEBUG    | Ошибка транзакции Client failed with code 29: Transaction hash not found.
20:24:31 | DEBUG    | Ошибка транзакции Client failed with code 29: Transaction hash not found.
20:24:31 | DEBUG    | Ошибка транзакции Client failed with code 29: Transaction hash not found.
20:24:31 | DEBUG    | Ошибка транзакции Client failed with code 29: Transaction hash not found.
20:24:31 | DEBUG    | Ошибка транзакции Client failed with code 29: Transaction hash not found.
20:24:32 | DEBUG    | Ошибка транзакции Client failed with code 29: Transaction hash not found.
20:24:32 | DEBUG    | Ошибка транзакции Client failed with code 29: Transaction hash not found.
20:24:32 | DEBUG    | Ошибка транзакции Client failed with code 29: Transaction hash not found.
20:24:32 | DEBUG    | Ошибка транзакции Client failed with code 29: Transaction hash not found.
20:24:33 | DEBUG    | Ошибка транзакции Client failed with code 29: Transaction hash not found.
20:24:33 | DEBUG    | Ошибка транзакции Client failed with code 29: Transaction hash not found.
20:24:33 | DEBUG    | Ошибка транзакции Client failed with code 29: Transaction hash not found.
20:24:33 | DEBUG    | Ошибка транзакции Client failed with code 29: Transaction hash not found.
20:24:34 | DEBUG    | Ошибка транзакции Client failed with code 29: Transaction hash not found.
20:24:34 | DEBUG    | Ошибка транзакции Client failed with code 29: Transaction hash not found.
20:24:34 | DEBUG    | Ошибка транзакции Client failed with code 29: Transaction hash not found.
20:24:35 | DEBUG    | Ошибка транзакции Client failed with code 29: Transaction hash not found.
20:24:35 | DEBUG    | Ошибка транзакции Client failed with code 29: Transaction hash not found.
20:24:35 | DEBUG    | Ошибка транзакции Client failed with code 29: Transaction hash not found.
20:24:35 | DEBUG    | Ошибка транзакции Client failed with code 29: Transaction hash not found.
20:24:36 | DEBUG    | Ошибка транзакции Client failed with code 29: Transaction hash not found.
20:24:36 | DEBUG    | Ошибка транзакции Client failed with code 29: Transaction hash not found.
20:24:36 | DEBUG    | Ошибка транзакции Client failed with code 29: Transaction hash not found.
20:24:36 | DEBUG    | Ошибка транзакции Client failed with code 29: Transaction hash not found.
20:24:37 | DEBUG    | Ошибка транзакции Client failed with code 29: Transaction hash not found.
20:24:37 | DEBUG    | Ошибка транзакции Client failed with code 29: Transaction hash not found.
20:24:37 | DEBUG    | Ошибка транзакции Client failed with code 29: Transaction hash not found.
20:24:37 | DEBUG    | Ошибка транзакции Client failed with code 29: Transaction hash not found.
20:24:38 | DEBUG    | Ошибка транзакции Client failed with code 29: Transaction hash not found.
20:24:38 | DEBUG    | Ошибка транзакции Client failed with code 29: Transaction hash not found.
20:24:38 | DEBUG    | Ошибка транзакции Client failed with code 29: Transaction hash not found.
20:24:38 | DEBUG    | Ошибка транзакции Client failed with code 29: Transaction hash not found.
20:24:39 | DEBUG    | Ошибка транзакции Client failed with code 29: Transaction hash not found.
20:24:39 | DEBUG    | Ошибка транзакции Client failed with code 29: Transaction hash not found.
20:24:39 | DEBUG    | Ошибка транзакции Client failed with code 29: Transaction hash not found.
20:24:40 | DEBUG    | Ошибка транзакции Client failed with code 29: Transaction hash not found.
20:24:40 | DEBUG    | Ошибка транзакции Client failed with code 29: Transaction hash not found.
20:24:40 | DEBUG    | Ошибка транзакции Client failed with code 29: Transaction hash not found.
20:24:40 | DEBUG    | Ошибка транзакции Client failed with code 29: Transaction hash not found.
20:24:41 | DEBUG    | Ошибка транзакции Client failed with code 29: Transaction hash not found.
20:24:41 | DEBUG    | Ошибка транзакции Client failed with code 29: Transaction hash not found.
20:24:41 | DEBUG    | Ошибка транзакции Client failed with code 29: Transaction hash not found.
20:24:41 | DEBUG    | Ошибка транзакции Client failed with code 29: Transaction hash not found.
20:24:42 | DEBUG    | Ошибка транзакции Client failed with code 29: Transaction hash not found.
20:24:42 | DEBUG    | Ошибка транзакции Client failed with code 29: Transaction hash not found.
20:24:42 | DEBUG    | Ошибка транзакции Client failed with code 29: Transaction hash not found.
20:24:43 | DEBUG    | Ошибка транзакции Client failed with code 29: Transaction hash not found.
20:24:43 | DEBUG    | Ошибка транзакции Client failed with code 29: Transaction hash not found.
20:24:43 | DEBUG    | Ошибка транзакции Client failed with code 29: Transaction hash not found.
20:24:44 | DEBUG    | Ошибка транзакции Client failed with code 29: Transaction hash not found.
20:24:44 | DEBUG    | Ошибка транзакции Client failed with code 29: Transaction hash not found.
20:24:44 | DEBUG    | Ошибка транзакции Client failed with code 29: Transaction hash not found.
20:24:44 | DEBUG    | Ошибка транзакции Client failed with code 29: Transaction hash not found.
20:24:45 | DEBUG    | Ошибка транзакции Client failed with code 29: Transaction hash not found.
20:24:45 | DEBUG    | Ошибка транзакции Client failed with code 29: Transaction hash not found.
20:24:45 | DEBUG    | Ошибка транзакции Client failed with code 29: Transaction hash not found.
20:24:45 | DEBUG    | Ошибка транзакции Client failed with code 29: Transaction hash not found.
20:24:46 | DEBUG    | Ошибка транзакции Client failed with code 29: Transaction hash not found.
20:24:46 | DEBUG    | Ошибка транзакции Client failed with code 29: Transaction hash not found.
20:24:46 | DEBUG    | Ошибка транзакции Client failed with code 29: Transaction hash not found.
20:24:46 | DEBUG    | Ошибка транзакции Client failed with code 29: Transaction hash not found.
20:24:47 | DEBUG    | Ошибка транзакции Client failed with code 29: Transaction hash not found.
20:24:47 | DEBUG    | Ошибка транзакции Client failed with code 29: Transaction hash not found.
20:24:47 | DEBUG    | Ошибка транзакции Client failed with code 29: Transaction hash not found.
20:24:47 | DEBUG    | Ошибка транзакции Client failed with code 29: Transaction hash not found.
20:24:48 | DEBUG    | Ошибка транзакции Client failed with code 29: Transaction hash not found.
20:24:48 | DEBUG    | Ошибка транзакции Client failed with code 29: Transaction hash not found.
20:24:48 | DEBUG    | Ошибка транзакции Client failed with code 29: Transaction hash not found.
20:24:49 | DEBUG    | Ошибка транзакции Client failed with code 29: Transaction hash not found.
20:24:49 | DEBUG    | Ошибка транзакции Client failed with code 29: Transaction hash not found.
20:24:49 | DEBUG    | Ошибка транзакции Client failed with code 29: Transaction hash not found.
20:24:49 | DEBUG    | Ошибка транзакции Client failed with code 29: Transaction hash not found.
20:24:50 | DEBUG    | Ошибка транзакции Client failed with code 29: Transaction hash not found.
20:24:50 | DEBUG    | Ошибка транзакции Client failed with code 29: Transaction hash not found.
20:24:50 | DEBUG    | Ошибка транзакции Client failed with code 29: Transaction hash not found.
20:24:51 | DEBUG    | Ошибка транзакции Client failed with code 29: Transaction hash not found.
20:24:51 | DEBUG    | Ошибка транзакции Client failed with code 29: Transaction hash not found.
20:24:51 | DEBUG    | Ошибка транзакции Client failed with code 29: Transaction hash not found.
20:24:51 | DEBUG    | Ошибка транзакции Client failed with code 29: Transaction hash not found.
20:24:52 | DEBUG    | Ошибка транзакции Client failed with code 29: Transaction hash not found.
20:24:52 | DEBUG    | Ошибка транзакции Client failed with code 29: Transaction hash not found.
20:24:52 | DEBUG    | Ошибка транзакции Client failed with code 29: Transaction hash not found.
20:24:52 | DEBUG    | Ошибка транзакции Client failed with code 29: Transaction hash not found.
20:24:53 | DEBUG    | Ошибка транзакции Client failed with code 29: Transaction hash not found.
20:24:53 | DEBUG    | Ошибка транзакции Client failed with code 29: Transaction hash not found.
20:24:53 | DEBUG    | Ошибка транзакции Client failed with code 29: Transaction hash not found.
20:24:54 | DEBUG    | Ошибка транзакции Client failed with code 29: Transaction hash not found.
20:24:54 | INFO     | Закончил работу
2023-12-11 20:24:54 |INFO     | app.script.start_withdraw:start:31 - Закончил работу
